=== AI Video Picks daily trend discovery ===
Started: 2026-04-28T01:00:01Z
Host: vmi3238899
Mode: --quick (Google Trends + Reddit)
--------------------------------------------
03:00:01 [INFO] === Source 1: Google Trends ===
03:00:08 [INFO] Google Trends: scanning 22 seed terms...
03:00:21 [WARNING] Google Trends batch 0 error: The request failed: Google returned a response with code 429
03:00:29 [WARNING] Google Trends batch 5 error: The request failed: Google returned a response with code 429
03:00:37 [WARNING] Google Trends batch 10 error: The request failed: Google returned a response with code 429
03:00:42 [INFO] Google Trends: found 0 unique topics
03:00:42 [INFO] === Source 2: Reddit ===
03:00:42 [INFO] Reddit: scanning 8 subreddits...
03:01:08 [INFO] Reddit: found 6 relevant topics
03:01:08 [INFO] Total unique topics: 6
03:01:08 [INFO] Report written: /home/tom/ai-video-tools-blog/content/trends/trend_report_2026-04-28.json
03:01:08 [INFO] Added 5 new topics to /home/tom/ai-video-tools-blog/content/topics_backlog.md
03:01:08 [INFO] Done. Report: /home/tom/ai-video-tools-blog/content/trends/trend_report_2026-04-28.json
03:01:08 [INFO] Top 5 topics:
03:01:08 [INFO]   1. [95] Sora 2 megathread (part 3) (general)
03:01:08 [INFO]   2. [58] LTX2.3 in Ostris Ai toolkit on a 5090 Training don (general)
03:01:08 [INFO]   3. [58] NaughtyAmerica is looking for AI Video Creators to (general)
03:01:08 [INFO]   4. [56] HappyHorse 1.0, four shot anime sequence with char (general)
03:01:08 [INFO]   5. [55] 3D-to-AI anime using Seedance 2 for "Crazy Rari" (general)
--------------------------------------------
Exit code: 0
Finished: 2026-04-28T01:01:08Z
