=== AI Video Picks daily trend discovery ===
Started: 2026-04-27T01:00:01Z
Host: vmi3238899
Mode: --quick (Google Trends + Reddit)
--------------------------------------------
03:00:03 [INFO] === Source 1: Google Trends ===
03:00:10 [INFO] Google Trends: scanning 22 seed terms...
03:00:41 [WARNING] Google Trends batch 5 error: The request failed: Google returned a response with code 429
03:00:53 [WARNING] Google Trends batch 10 error: The request failed: Google returned a response with code 429
03:00:58 [INFO] Google Trends: found 10 unique topics
03:00:58 [INFO] === Source 2: Reddit ===
03:00:58 [INFO] Reddit: scanning 8 subreddits...
03:01:24 [INFO] Reddit: found 3 relevant topics
03:01:24 [INFO] Total unique topics: 13
03:01:24 [INFO] Report written: /home/tom/ai-video-tools-blog/content/trends/trend_report_2026-04-27.json
03:01:24 [INFO] Added 4 new topics to /home/tom/ai-video-tools-blog/content/topics_backlog.md
03:01:24 [INFO] Done. Report: /home/tom/ai-video-tools-blog/content/trends/trend_report_2026-04-27.json
03:01:24 [INFO] Top 5 topics:
03:01:24 [INFO]   1. [95] Sora 2 megathread (part 3) (general)
03:01:24 [INFO]   2. [93] video ai generator free (pricing)
03:01:24 [INFO]   3. [93] free ai video generator (pricing)
03:01:24 [INFO]   4. [91] text to video generator free (pricing)
03:01:24 [INFO]   5. [85] best ai video editor (roundup)
--------------------------------------------
Exit code: 0
Finished: 2026-04-27T01:01:24Z
